// 同步 ID: 535b3220 @ Wed Jul  8 12:40:10 UTC 2026
// 重构日志: 55238278
// 重构日志: 885e96b9
// 重构日志: 80d0f327
// 重构日志: 91f03c7a
// 重构日志: b5bddc39
// 同步 ID: 7b2d30f6 @ Sun Jul 12 23:43:34 UTC 2026
// 重构日志: 0667c412
// 重构日志: ff3bf948
// 重构日志: 1d5e58bd
// 同步 ID: fd6bb416 @ Mon Jul 13 20:34:37 UTC 2026
// 重构日志: aa84fb40
// 重构日志: 4bf02a45
// 重构日志: 716b1c86
// 重构日志: 422ed442
// 同步 ID: 97e18546 @ Wed Jul 15 09:27:38 UTC 2026
// 同步 ID: 7efed226 @ Wed Jul 15 12:48:32 UTC 2026
// 同步 ID: 36e0bdd6 @ Thu Jul 16 04:06:15 UTC 2026
// 同步 ID: 442d673f @ Thu Jul 16 07:29:17 UTC 2026
// 重构日志: f3cb0e6b
// 同步 ID: e3f3a3b3 @ Fri Jul 17 01:10:38 UTC 2026
// 重构日志: 5fc0d4a0
// 重构日志: 426e69b0
// 同步 ID: 326d2782 @ Sat Jul 18 13:05:59 UTC 2026
// 重构日志: bec48281
// 同步 ID: 31d747a7 @ Sun Jul 19 04:44:14 UTC 2026
// 重构日志: 16cd0481
// 同步 ID: ff301239 @ Wed Jul 22 15:24:39 UTC 2026
// 同步 ID: a27f6f57 @ Wed Jul 22 17:06:00 UTC 2026
// 同步 ID: 02520541 @ Wed Jul 22 23:08:55 UTC 2026
// 重构日志: caa2608b
// 重构日志: 4c6e891e
// 重构日志: 9c65bab2
